<?xml version="1.0" encoding="UTF-8"?>
<!-- Generated by org.testng.reporters.JUnitXMLReporter -->
<testsuite ignored="0" hostname="Anurag" failures="0" tests="6" name="Default test" time="18.033" errors="0" timestamp="2024-03-06T17:34:07 IST">
  <testcase classname="api.tests.DDTests" name="testPostUsers" time="4.735"/>
  <testcase classname="api.tests.DDTests" name="testPostUsers" time="2.184"/>
  <testcase classname="api.tests.DDTests" name="testPostUsers" time="2.16"/>
  <testcase classname="api.tests.DDTests" name="testDeleteUserByName" time="2.104"/>
  <testcase classname="api.tests.DDTests" name="testDeleteUserByName" time="2.229"/>
  <testcase classname="api.tests.DDTests" name="testDeleteUserByName" time="2.239"/>
</testsuite> <!-- Default test -->
