<?xml version="1.0" encoding="UTF-8"?>
<testng-results ignored="0" total="6" passed="6" failed="0" skipped="0">
  <reporter-output>
  </reporter-output>
  <suite started-at="2024-03-06T17:33:49 IST" name="Default suite" finished-at="2024-03-06T17:34:07 IST" duration-ms="18033">
    <groups>
    </groups>
    <test started-at="2024-03-06T17:33:49 IST" name="Default test" finished-at="2024-03-06T17:34:07 IST" duration-ms="18033">
      <class name="api.tests.DDTests">
        <test-method signature="testPostUsers(java.lang.String,java.lang.String,java.lang.String,java.lang.String,java.lang.String,java.lang.String,java.lang.String)[pri:1, instance:api.tests.DDTests@223191a6]" started-at="2024-03-06T17:33:51 IST" name="testPostUsers" data-provider="Data" finished-at="2024-03-06T17:33:56 IST" duration-ms="4735" status="PASS">
          <params>
            <param index="0">
              <value>
                <![CDATA[1010]]>
              </value>
            </param>
            <param index="1">
              <value>
                <![CDATA[testUser1]]>
              </value>
            </param>
            <param index="2">
              <value>
                <![CDATA[Ali]]>
              </value>
            </param>
            <param index="3">
              <value>
                <![CDATA[Gamal]]>
              </value>
            </param>
            <param index="4">
              <value>
                <![CDATA[a@gmail.com]]>
              </value>
            </param>
            <param index="5">
              <value>
                <![CDATA[test@12]]>
              </value>
            </param>
            <param index="6">
              <value>
                <![CDATA[123456789]]>
              </value>
            </param>
          </params>
          <reporter-output>
          </reporter-output>
        </test-method> <!-- testPostUsers -->
        <test-method signature="testPostUsers(java.lang.String,java.lang.String,java.lang.String,java.lang.String,java.lang.String,java.lang.String,java.lang.String)[pri:1, instance:api.tests.DDTests@223191a6]" started-at="2024-03-06T17:33:56 IST" name="testPostUsers" data-provider="Data" finished-at="2024-03-06T17:33:58 IST" duration-ms="2184" status="PASS">
          <params>
            <param index="0">
              <value>
                <![CDATA[1020]]>
              </value>
            </param>
            <param index="1">
              <value>
                <![CDATA[testUser2]]>
              </value>
            </param>
            <param index="2">
              <value>
                <![CDATA[Kareem]]>
              </value>
            </param>
            <param index="3">
              <value>
                <![CDATA[Hassan]]>
              </value>
            </param>
            <param index="4">
              <value>
                <![CDATA[k@gmail.com]]>
              </value>
            </param>
            <param index="5">
              <value>
                <![CDATA[test@34]]>
              </value>
            </param>
            <param index="6">
              <value>
                <![CDATA[456383021]]>
              </value>
            </param>
          </params>
          <reporter-output>
          </reporter-output>
        </test-method> <!-- testPostUsers -->
        <test-method signature="testPostUsers(java.lang.String,java.lang.String,java.lang.String,java.lang.String,java.lang.String,java.lang.String,java.lang.String)[pri:1, instance:api.tests.DDTests@223191a6]" started-at="2024-03-06T17:33:58 IST" name="testPostUsers" data-provider="Data" finished-at="2024-03-06T17:34:00 IST" duration-ms="2160" status="PASS">
          <params>
            <param index="0">
              <value>
                <![CDATA[1030]]>
              </value>
            </param>
            <param index="1">
              <value>
                <![CDATA[testUser3]]>
              </value>
            </param>
            <param index="2">
              <value>
                <![CDATA[Ahmed]]>
              </value>
            </param>
            <param index="3">
              <value>
                <![CDATA[Magdy]]>
              </value>
            </param>
            <param index="4">
              <value>
                <![CDATA[m@gmail.com]]>
              </value>
            </param>
            <param index="5">
              <value>
                <![CDATA[test@56]]>
              </value>
            </param>
            <param index="6">
              <value>
                <![CDATA[545886288]]>
              </value>
            </param>
          </params>
          <reporter-output>
          </reporter-output>
        </test-method> <!-- testPostUsers -->
        <test-method signature="testDeleteUserByName(java.lang.String)[pri:2, instance:api.tests.DDTests@223191a6]" started-at="2024-03-06T17:34:00 IST" name="testDeleteUserByName" data-provider="UserNames" finished-at="2024-03-06T17:34:02 IST" duration-ms="2104" status="PASS">
          <params>
            <param index="0">
              <value>
                <![CDATA[testUser1]]>
              </value>
            </param>
          </params>
          <reporter-output>
          </reporter-output>
        </test-method> <!-- testDeleteUserByName -->
        <test-method signature="testDeleteUserByName(java.lang.String)[pri:2, instance:api.tests.DDTests@223191a6]" started-at="2024-03-06T17:34:02 IST" name="testDeleteUserByName" data-provider="UserNames" finished-at="2024-03-06T17:34:05 IST" duration-ms="2229" status="PASS">
          <params>
            <param index="0">
              <value>
                <![CDATA[testUser2]]>
              </value>
            </param>
          </params>
          <reporter-output>
          </reporter-output>
        </test-method> <!-- testDeleteUserByName -->
        <test-method signature="testDeleteUserByName(java.lang.String)[pri:2, instance:api.tests.DDTests@223191a6]" started-at="2024-03-06T17:34:05 IST" name="testDeleteUserByName" data-provider="UserNames" finished-at="2024-03-06T17:34:07 IST" duration-ms="2239" status="PASS">
          <params>
            <param index="0">
              <value>
                <![CDATA[testUser3]]>
              </value>
            </param>
          </params>
          <reporter-output>
          </reporter-output>
        </test-method> <!-- testDeleteUserByName -->
      </class> <!-- api.tests.DDTests -->
    </test> <!-- Default test -->
  </suite> <!-- Default suite -->
</testng-results>
